<?xml version="1.0" encoding="UTF-8"?>
<!-- Generated by org.testng.reporters.JUnitReportReporter -->
<testsuite hostname="DESKTOP-RJCD5TU" failures="0" tests="24" name="testcases.test" time="65.159" errors="0" timestamp="2021-03-23T18:57:05 IST" skipped="0">
  <testcase classname="testcases.test" name="clicktravel" time="0.511"/>
  <system-out/>
  <testcase classname="testcases.test" name="clickcountry" time="3.974"/>
  <system-out/>
  <testcase classname="testcases.test" name="travelinputclick" time="0.441"/>
  <system-out/>
  <testcase classname="testcases.test" name="ageselection" time="2.091"/>
  <system-out/>
  <testcase classname="testcases.test" name="clicknextbutton" time="0.500"/>
  <system-out/>
  <testcase classname="testcases.test" name="clickdates" time="0.810"/>
  <system-out/>
  <testcase classname="testcases.test" name="clickproceedbutton" time="3.000"/>
  <system-out/>
  <testcase classname="testcases.test" name="clicksort" time="3.592"/>
  <system-out/>
  <testcase classname="testcases.test" name="getnamesandrate" time="1.624"/>
  <system-out/>
  <testcase classname="testcases.test" name="openurl" time="16.532"/>
  <system-out/>
  <testcase classname="testcases.test" name="clickcaricon" time="4.367"/>
  <system-out/>
  <testcase classname="testcases.test" name="proceedbutton" time="4.419"/>
  <system-out/>
  <testcase classname="testcases.test" name="selectcity" time="0.780"/>
  <system-out/>
  <testcase classname="testcases.test" name="selectRTO" time="0.529"/>
  <system-out/>
  <testcase classname="testcases.test" name="selectbrand" time="0.871"/>
  <system-out/>
  <testcase classname="testcases.test" name="selectcarmodel" time="0.914"/>
  <system-out/>
  <testcase classname="testcases.test" name="clickfuel" time="0.701"/>
  <system-out/>
  <testcase classname="testcases.test" name="clickvariant" time="0.499"/>
  <system-out/>
  <testcase classname="testcases.test" name="clickyear" time="0.532"/>
  <system-out/>
  <testcase classname="testcases.test" name="fillform" time="2.490"/>
  <system-out/>
  <testcase classname="testcases.test" name="fetcherror" time="1.049"/>
  <system-out/>
  <testcase classname="testcases.test" name="openhealthurl" time="12.297"/>
  <system-out/>
  <testcase classname="testcases.test" name="mouseaction" time="0.906"/>
  <system-out/>
  <testcase classname="testcases.test" name="menuitems" time="1.730"/>
  <system-out/>
</testsuite> <!-- testcases.test -->
